2019-02-12 01:06:48 DEBUG devpinoyLogger:50 - Config properties loaded
2019-02-12 01:06:48 DEBUG devpinoyLogger:54 - Browser Selected == Chrome
2019-02-12 01:06:54 DEBUG devpinoyLogger:60 - URL loaded
2019-02-12 01:06:54 DEBUG devpinoyLogger:39 - FrameworkDriver_RunTestCases === Driver Script Execution Started
2019-02-12 01:06:55 DEBUG devpinoyLogger:30 - Login Test Started..
2019-02-12 01:07:17 DEBUG devpinoyLogger:37 - Sign in button clicked..
2019-02-12 01:07:17 DEBUG devpinoyLogger:43 - Inside Browserback ...
2019-02-12 01:07:18 DEBUG devpinoyLogger:71 - No further keywords to execute for test case #TC1...will continue with next test case on next row
2019-02-12 01:07:18 DEBUG devpinoyLogger:30 - Login Test Started..
2019-02-12 01:07:22 DEBUG devpinoyLogger:37 - Sign in button clicked..
2019-02-12 01:07:22 DEBUG devpinoyLogger:43 - Inside Browserback ...
2019-02-12 01:07:22 DEBUG devpinoyLogger:71 - No further keywords to execute for test case #TC1...will continue with next test case on next row
2019-02-12 01:07:23 DEBUG devpinoyLogger:91 - Test execution completed
2019-02-12 09:12:58 DEBUG devpinoyLogger:50 - Config properties loaded
2019-02-12 09:17:49 DEBUG devpinoyLogger:50 - Config properties loaded
2019-02-12 22:54:29 DEBUG devpinoyLogger:50 - Config properties loaded
2019-02-12 22:54:29 DEBUG devpinoyLogger:56 - Browser Selected == Chrome
2019-02-12 22:54:38 DEBUG devpinoyLogger:62 - URL loaded
2019-02-12 22:54:38 DEBUG devpinoyLogger:39 - FrameworkDriver_RunTestCases === Driver Script Execution Started
2019-02-12 22:54:40 DEBUG devpinoyLogger:25 - Selenium webdriver Initialized..
2019-02-12 22:54:40 DEBUG devpinoyLogger:29 - Browser Selected == Chrome
2019-02-12 22:54:41 DEBUG devpinoyLogger:100 - Test execution completed
2019-02-12 22:55:58 DEBUG devpinoyLogger:50 - Config properties loaded
2019-02-12 22:55:58 DEBUG devpinoyLogger:56 - Browser Selected == Chrome
2019-02-12 22:56:05 DEBUG devpinoyLogger:62 - URL loaded
2019-02-12 22:56:05 DEBUG devpinoyLogger:39 - FrameworkDriver_RunTestCases === Driver Script Execution Started
2019-02-12 22:56:06 DEBUG devpinoyLogger:25 - Selenium webdriver Initialized..
2019-02-12 22:56:06 DEBUG devpinoyLogger:29 - Browser Selected == Chrome
2019-02-12 22:56:12 DEBUG devpinoyLogger:36 - URL loaded
2019-02-12 22:56:12 DEBUG devpinoyLogger:46 - Login Test Started..
2019-02-12 22:56:48 DEBUG devpinoyLogger:53 - Sign in button clicked..
2019-02-12 22:56:48 DEBUG devpinoyLogger:25 - Selenium webdriver Initialized..
2019-02-12 22:56:48 DEBUG devpinoyLogger:29 - Browser Selected == Chrome
2019-02-12 22:56:54 DEBUG devpinoyLogger:36 - URL loaded
2019-02-12 22:56:54 DEBUG devpinoyLogger:67 - Inside CloseBrowser ...
2019-02-12 22:56:54 DEBUG devpinoyLogger:71 - No further keywords to execute for test case #TC1...will continue with next test case on next row
2019-02-12 22:56:54 DEBUG devpinoyLogger:25 - Selenium webdriver Initialized..
2019-02-12 22:56:54 DEBUG devpinoyLogger:29 - Browser Selected == Chrome
2019-02-12 22:57:00 DEBUG devpinoyLogger:36 - URL loaded
2019-02-12 22:57:00 DEBUG devpinoyLogger:46 - Login Test Started..
2019-02-12 22:57:31 DEBUG devpinoyLogger:53 - Sign in button clicked..
2019-02-12 22:57:31 DEBUG devpinoyLogger:25 - Selenium webdriver Initialized..
2019-02-12 22:57:31 DEBUG devpinoyLogger:29 - Browser Selected == Chrome
2019-02-12 22:57:36 DEBUG devpinoyLogger:36 - URL loaded
2019-02-12 22:57:36 DEBUG devpinoyLogger:67 - Inside CloseBrowser ...
2019-02-12 22:57:36 DEBUG devpinoyLogger:71 - No further keywords to execute for test case #TC1...will continue with next test case on next row
2019-02-12 22:57:37 DEBUG devpinoyLogger:100 - Test execution completed
2019-02-12 22:59:37 DEBUG devpinoyLogger:50 - Config properties loaded
2019-02-12 22:59:41 DEBUG devpinoyLogger:56 - Browser Selected == Chrome
2019-02-12 22:59:49 DEBUG devpinoyLogger:62 - URL loaded
2019-02-12 22:59:49 DEBUG devpinoyLogger:39 - FrameworkDriver_RunTestCases === Driver Script Execution Started
2019-02-12 23:03:15 DEBUG devpinoyLogger:50 - Config properties loaded
2019-02-12 23:03:26 DEBUG devpinoyLogger:56 - Browser Selected == Chrome
2019-02-12 23:03:33 DEBUG devpinoyLogger:62 - URL loaded
2019-02-12 23:03:33 DEBUG devpinoyLogger:39 - FrameworkDriver_RunTestCases === Driver Script Execution Started
2019-02-12 23:04:46 DEBUG devpinoyLogger:50 - Config properties loaded
2019-02-12 23:04:46 DEBUG devpinoyLogger:56 - Browser Selected == Chrome
2019-02-12 23:04:52 DEBUG devpinoyLogger:62 - URL loaded
2019-02-12 23:04:52 DEBUG devpinoyLogger:39 - FrameworkDriver_RunTestCases === Driver Script Execution Started
2019-02-12 23:04:53 DEBUG devpinoyLogger:25 - Selenium webdriver Initialized..
2019-02-12 23:04:53 DEBUG devpinoyLogger:46 - Login Test Started..
2019-02-12 23:05:05 DEBUG devpinoyLogger:53 - Sign in button clicked..
2019-02-12 23:05:05 DEBUG devpinoyLogger:25 - Selenium webdriver Initialized..
2019-02-12 23:05:05 DEBUG devpinoyLogger:67 - Inside CloseBrowser ...
2019-02-12 23:05:06 DEBUG devpinoyLogger:71 - No further keywords to execute for test case #TC1...will continue with next test case on next row
2019-02-12 23:05:06 DEBUG devpinoyLogger:25 - Selenium webdriver Initialized..
2019-02-12 23:05:06 DEBUG devpinoyLogger:46 - Login Test Started..
2019-02-12 23:05:06 DEBUG devpinoyLogger:100 - Test execution completed
2019-02-12 23:06:04 DEBUG devpinoyLogger:50 - Config properties loaded
2019-02-12 23:06:05 DEBUG devpinoyLogger:56 - Browser Selected == Chrome
2019-02-12 23:06:13 DEBUG devpinoyLogger:62 - URL loaded
2019-02-12 23:06:13 DEBUG devpinoyLogger:39 - FrameworkDriver_RunTestCases === Driver Script Execution Started
2019-02-12 23:06:25 DEBUG devpinoyLogger:25 - Selenium webdriver Initialized..
2019-02-12 23:06:25 DEBUG devpinoyLogger:46 - Login Test Started..
2019-02-12 23:06:31 DEBUG devpinoyLogger:53 - Sign in button clicked..
2019-02-12 23:07:31 DEBUG devpinoyLogger:50 - Config properties loaded
2019-02-12 23:07:32 DEBUG devpinoyLogger:56 - Browser Selected == Chrome
2019-02-12 23:07:41 DEBUG devpinoyLogger:62 - URL loaded
2019-02-12 23:07:41 DEBUG devpinoyLogger:39 - FrameworkDriver_RunTestCases === Driver Script Execution Started
2019-02-12 23:07:42 DEBUG devpinoyLogger:25 - Selenium webdriver Initialized..
2019-02-12 23:07:42 DEBUG devpinoyLogger:46 - Login Test Started..
2019-02-12 23:07:47 DEBUG devpinoyLogger:53 - Sign in button clicked..
2019-02-12 23:07:47 DEBUG devpinoyLogger:25 - Selenium webdriver Initialized..
2019-02-12 23:07:53 DEBUG devpinoyLogger:67 - Inside CloseBrowser ...
2019-02-12 23:08:00 DEBUG devpinoyLogger:71 - No further keywords to execute for test case #TC1...will continue with next test case on next row
2019-02-12 23:08:00 DEBUG devpinoyLogger:25 - Selenium webdriver Initialized..
2019-02-12 23:08:00 DEBUG devpinoyLogger:46 - Login Test Started..
2019-02-12 23:08:19 DEBUG devpinoyLogger:100 - Test execution completed
2019-02-12 23:09:40 DEBUG devpinoyLogger:50 - Config properties loaded
2019-02-12 23:09:41 DEBUG devpinoyLogger:56 - Browser Selected == Chrome
2019-02-12 23:09:48 DEBUG devpinoyLogger:62 - URL loaded
2019-02-12 23:09:48 DEBUG devpinoyLogger:39 - FrameworkDriver_RunTestCases === Driver Script Execution Started
2019-02-12 23:09:49 DEBUG devpinoyLogger:25 - Selenium webdriver Initialized..
2019-02-12 23:09:49 DEBUG devpinoyLogger:46 - Login Test Started..
2019-02-12 23:09:55 DEBUG devpinoyLogger:53 - Sign in button clicked..
2019-02-12 23:09:55 DEBUG devpinoyLogger:25 - Selenium webdriver Initialized..
2019-02-12 23:10:00 DEBUG devpinoyLogger:67 - Inside CloseBrowser ...
2019-02-12 23:10:14 DEBUG devpinoyLogger:71 - No further keywords to execute for test case #TC1...will continue with next test case on next row
2019-02-12 23:10:14 DEBUG devpinoyLogger:25 - Selenium webdriver Initialized..
2019-02-12 23:10:14 DEBUG devpinoyLogger:46 - Login Test Started..
2019-02-12 23:10:45 DEBUG devpinoyLogger:100 - Test execution completed
2019-02-12 23:11:46 DEBUG devpinoyLogger:50 - Config properties loaded
2019-02-12 23:11:48 DEBUG devpinoyLogger:56 - Browser Selected == Chrome
2019-02-12 23:11:55 DEBUG devpinoyLogger:62 - URL loaded
2019-02-12 23:11:55 DEBUG devpinoyLogger:39 - FrameworkDriver_RunTestCases === Driver Script Execution Started
2019-02-12 23:11:57 DEBUG devpinoyLogger:25 - Selenium webdriver Initialized..
2019-02-12 23:11:57 DEBUG devpinoyLogger:46 - Login Test Started..
2019-02-12 23:12:02 DEBUG devpinoyLogger:53 - Sign in button clicked..
2019-02-12 23:12:02 DEBUG devpinoyLogger:25 - Selenium webdriver Initialized..
2019-02-12 23:12:53 DEBUG devpinoyLogger:67 - Inside CloseBrowser ...
2019-02-12 23:13:24 DEBUG devpinoyLogger:71 - No further keywords to execute for test case #TC1...will continue with next test case on next row
2019-02-12 23:13:24 DEBUG devpinoyLogger:25 - Selenium webdriver Initialized..
2019-02-12 23:13:24 DEBUG devpinoyLogger:46 - Login Test Started..
2019-02-12 23:16:34 DEBUG devpinoyLogger:50 - Config properties loaded
2019-02-12 23:16:36 DEBUG devpinoyLogger:56 - Browser Selected == Chrome
2019-02-12 23:16:44 DEBUG devpinoyLogger:62 - URL loaded
2019-02-12 23:16:44 DEBUG devpinoyLogger:39 - FrameworkDriver_RunTestCases === Driver Script Execution Started
2019-02-12 23:17:26 DEBUG devpinoyLogger:25 - Selenium webdriver Initialized..
2019-02-12 23:18:09 DEBUG devpinoyLogger:44 - Login Test Started..
2019-02-12 23:18:20 DEBUG devpinoyLogger:51 - Sign in button clicked..
2019-02-12 23:18:36 DEBUG devpinoyLogger:25 - Selenium webdriver Initialized..
2019-02-12 23:19:04 DEBUG devpinoyLogger:65 - Inside CloseBrowser ...
2019-02-12 23:19:38 DEBUG devpinoyLogger:71 - No further keywords to execute for test case #TC1...will continue with next test case on next row
2019-02-12 23:20:17 DEBUG devpinoyLogger:25 - Selenium webdriver Initialized..
2019-02-12 23:23:04 DEBUG devpinoyLogger:50 - Config properties loaded
2019-02-12 23:23:04 DEBUG devpinoyLogger:56 - Browser Selected == Chrome
2019-02-12 23:23:12 DEBUG devpinoyLogger:62 - URL loaded
2019-02-12 23:23:12 DEBUG devpinoyLogger:39 - FrameworkDriver_RunTestCases === Driver Script Execution Started
2019-02-12 23:23:19 DEBUG devpinoyLogger:25 - Selenium webdriver Initialized..
2019-02-12 23:23:26 DEBUG devpinoyLogger:44 - Login Test Started..
2019-02-12 23:23:37 DEBUG devpinoyLogger:51 - Sign in button clicked..
2019-02-12 23:23:45 DEBUG devpinoyLogger:25 - Selenium webdriver Initialized..
2019-02-12 23:23:56 DEBUG devpinoyLogger:65 - Inside CloseBrowser ...
2019-02-12 23:24:52 DEBUG devpinoyLogger:50 - Config properties loaded
2019-02-12 23:24:52 DEBUG devpinoyLogger:56 - Browser Selected == Chrome
2019-02-12 23:24:59 DEBUG devpinoyLogger:62 - URL loaded
2019-02-12 23:24:59 DEBUG devpinoyLogger:39 - FrameworkDriver_RunTestCases === Driver Script Execution Started
2019-02-12 23:25:00 DEBUG devpinoyLogger:25 - Selenium webdriver Initialized..
2019-02-12 23:25:00 DEBUG devpinoyLogger:44 - Login Test Started..
2019-02-12 23:25:05 DEBUG devpinoyLogger:51 - Sign in button clicked..
2019-02-12 23:25:05 DEBUG devpinoyLogger:25 - Selenium webdriver Initialized..
2019-02-12 23:25:05 DEBUG devpinoyLogger:65 - Inside CloseBrowser ...
2019-02-12 23:25:05 DEBUG devpinoyLogger:71 - No further keywords to execute for test case #TC1...will continue with next test case on next row
2019-02-12 23:25:05 DEBUG devpinoyLogger:25 - Selenium webdriver Initialized..
2019-02-12 23:25:05 DEBUG devpinoyLogger:29 - Browser Selected == Chrome
2019-02-12 23:25:12 DEBUG devpinoyLogger:36 - URL loaded
2019-02-12 23:25:12 DEBUG devpinoyLogger:44 - Login Test Started..
2019-02-12 23:25:17 DEBUG devpinoyLogger:51 - Sign in button clicked..
2019-02-12 23:25:17 DEBUG devpinoyLogger:25 - Selenium webdriver Initialized..
2019-02-12 23:25:17 DEBUG devpinoyLogger:65 - Inside CloseBrowser ...
2019-02-12 23:25:17 DEBUG devpinoyLogger:71 - No further keywords to execute for test case #TC1...will continue with next test case on next row
2019-02-12 23:31:32 DEBUG devpinoyLogger:50 - Config properties loaded
2019-02-12 23:31:33 DEBUG devpinoyLogger:56 - Browser Selected == Chrome
2019-02-12 23:31:39 DEBUG devpinoyLogger:62 - URL loaded
2019-02-12 23:31:39 DEBUG devpinoyLogger:39 - FrameworkDriver_RunTestCases === Driver Script Execution Started
2019-02-12 23:52:42 DEBUG devpinoyLogger:50 - Config properties loaded
2019-02-12 23:52:43 DEBUG devpinoyLogger:56 - Browser Selected == Chrome
2019-02-12 23:52:49 DEBUG devpinoyLogger:62 - URL loaded
2019-02-12 23:52:50 DEBUG devpinoyLogger:39 - FrameworkDriver_RunTestCases === Driver Script Execution Started
2019-02-13 00:03:11 DEBUG devpinoyLogger:50 - Config properties loaded
2019-02-13 00:03:12 DEBUG devpinoyLogger:56 - Browser Selected == Chrome
2019-02-13 00:03:19 DEBUG devpinoyLogger:62 - URL loaded
2019-02-13 00:03:19 DEBUG devpinoyLogger:41 - FrameworkDriver_RunTestCases === Driver Script Execution Started
2019-02-13 00:03:28 DEBUG devpinoyLogger:25 - Selenium webdriver Initialized..
2019-02-13 00:03:51 DEBUG devpinoyLogger:44 - Login Test Started..
2019-02-13 00:04:16 DEBUG devpinoyLogger:51 - Sign in button clicked..
2019-02-13 00:04:19 DEBUG devpinoyLogger:25 - Selenium webdriver Initialized..
2019-02-13 00:04:22 DEBUG devpinoyLogger:65 - Inside CloseBrowser ...
2019-02-13 00:04:23 DEBUG devpinoyLogger:79 - No further keywords to execute for test case #TC1...will continue with next test case on next row
2019-02-13 00:04:25 DEBUG devpinoyLogger:25 - Selenium webdriver Initialized..
2019-02-13 00:04:25 DEBUG devpinoyLogger:29 - Browser Selected == Chrome
2019-02-13 00:04:31 DEBUG devpinoyLogger:36 - URL loaded
2019-02-14 00:39:29 DEBUG devpinoyLogger:50 - Config properties loaded
2019-02-14 00:39:30 DEBUG devpinoyLogger:56 - Browser Selected == Chrome
2019-02-14 00:39:39 DEBUG devpinoyLogger:62 - URL loaded
2019-02-14 00:39:40 DEBUG devpinoyLogger:41 - FrameworkDriver_RunTestCases === Driver Script Execution Started
2019-02-14 00:39:55 DEBUG devpinoyLogger:25 - Selenium webdriver Initialized..
2019-02-14 00:40:10 DEBUG devpinoyLogger:44 - Login Test Started..
2019-02-14 00:40:21 DEBUG devpinoyLogger:51 - Sign in button clicked..
2019-02-14 00:40:24 DEBUG devpinoyLogger:25 - Selenium webdriver Initialized..
2019-02-14 00:40:26 DEBUG devpinoyLogger:65 - Inside CloseBrowser ...
2019-02-14 00:40:29 DEBUG devpinoyLogger:79 - No further keywords to execute for test case #TC1...will continue with next test case on next row
2019-02-14 00:40:33 DEBUG devpinoyLogger:25 - Selenium webdriver Initialized..
2019-02-14 00:40:33 DEBUG devpinoyLogger:29 - Browser Selected == Chrome
2019-02-14 00:40:38 DEBUG devpinoyLogger:36 - URL loaded
2019-02-14 00:40:40 DEBUG devpinoyLogger:44 - Login Test Started..
2019-02-14 00:40:47 DEBUG devpinoyLogger:51 - Sign in button clicked..
2019-02-14 00:40:49 DEBUG devpinoyLogger:25 - Selenium webdriver Initialized..
2019-02-14 00:41:07 DEBUG devpinoyLogger:65 - Inside CloseBrowser ...
2019-02-14 00:41:09 DEBUG devpinoyLogger:79 - No further keywords to execute for test case #TC1...will continue with next test case on next row
2019-02-14 01:00:18 DEBUG devpinoyLogger:50 - Config properties loaded
2019-02-14 01:00:19 DEBUG devpinoyLogger:56 - Browser Selected == Chrome
2019-02-14 01:00:26 DEBUG devpinoyLogger:62 - URL loaded
2019-02-14 01:00:26 DEBUG devpinoyLogger:41 - FrameworkDriver_RunTestCases === Driver Script Execution Started
2019-02-14 01:00:30 DEBUG devpinoyLogger:26 - Selenium webdriver Initialized..
2019-02-14 01:00:37 DEBUG devpinoyLogger:45 - Login Test Started..
2019-02-14 01:02:05 DEBUG devpinoyLogger:50 - Config properties loaded
2019-02-14 01:02:08 DEBUG devpinoyLogger:56 - Browser Selected == Chrome
2019-02-14 01:02:15 DEBUG devpinoyLogger:62 - URL loaded
2019-02-14 01:02:15 DEBUG devpinoyLogger:41 - FrameworkDriver_RunTestCases === Driver Script Execution Started
2019-02-14 01:02:22 DEBUG devpinoyLogger:27 - Selenium webdriver Initialized..
2019-02-14 01:02:30 DEBUG devpinoyLogger:46 - Login Test Started..
2019-02-14 01:12:23 DEBUG devpinoyLogger:50 - Config properties loaded
2019-02-14 01:12:25 DEBUG devpinoyLogger:56 - Browser Selected == Chrome
2019-02-14 01:12:32 DEBUG devpinoyLogger:62 - URL loaded
2019-02-14 01:12:32 DEBUG devpinoyLogger:41 - FrameworkDriver_RunTestCases === Driver Script Execution Started
2019-02-14 01:12:36 DEBUG devpinoyLogger:27 - Selenium webdriver Initialized..
2019-02-14 01:12:51 DEBUG devpinoyLogger:44 - Login Test Started..
2019-02-14 01:15:32 DEBUG devpinoyLogger:50 - Config properties loaded
2019-02-14 01:15:33 DEBUG devpinoyLogger:56 - Browser Selected == Chrome
2019-02-14 01:15:40 DEBUG devpinoyLogger:62 - URL loaded
2019-02-14 01:15:40 DEBUG devpinoyLogger:41 - FrameworkDriver_RunTestCases === Driver Script Execution Started
2019-02-14 01:15:43 DEBUG devpinoyLogger:27 - Selenium webdriver Initialized..
2019-02-14 01:15:45 DEBUG devpinoyLogger:44 - Login Test Started..
2019-02-14 01:17:58 DEBUG devpinoyLogger:50 - Config properties loaded
2019-02-14 01:17:59 DEBUG devpinoyLogger:56 - Browser Selected == Chrome
2019-02-14 01:18:06 DEBUG devpinoyLogger:62 - URL loaded
2019-02-14 01:18:06 DEBUG devpinoyLogger:41 - FrameworkDriver_RunTestCases === Driver Script Execution Started
2019-02-14 01:18:28 DEBUG devpinoyLogger:27 - Selenium webdriver Initialized..
2019-02-14 01:18:31 DEBUG devpinoyLogger:44 - Login Test Started..
2019-02-14 01:23:59 DEBUG devpinoyLogger:50 - Config properties loaded
2019-02-14 01:24:00 DEBUG devpinoyLogger:56 - Browser Selected == Chrome
2019-02-14 01:24:07 DEBUG devpinoyLogger:62 - URL loaded
2019-02-14 01:24:07 DEBUG devpinoyLogger:41 - FrameworkDriver_RunTestCases === Driver Script Execution Started
2019-02-14 01:24:11 DEBUG devpinoyLogger:27 - Selenium webdriver Initialized..
2019-02-14 01:24:19 DEBUG devpinoyLogger:44 - Login Test Started..
2019-02-14 01:28:32 DEBUG devpinoyLogger:50 - Config properties loaded
2019-02-14 01:28:32 DEBUG devpinoyLogger:56 - Browser Selected == Chrome
2019-02-14 01:28:39 DEBUG devpinoyLogger:62 - URL loaded
2019-02-14 01:28:39 DEBUG devpinoyLogger:41 - FrameworkDriver_RunTestCases === Driver Script Execution Started
2019-02-14 01:28:47 DEBUG devpinoyLogger:27 - Selenium webdriver Initialized..
2019-02-14 01:28:52 DEBUG devpinoyLogger:44 - Login Test Started..
2019-02-14 01:32:27 DEBUG devpinoyLogger:50 - Config properties loaded
2019-02-14 01:32:27 DEBUG devpinoyLogger:56 - Browser Selected == Chrome
2019-02-14 01:32:34 DEBUG devpinoyLogger:62 - URL loaded
2019-02-14 01:32:34 DEBUG devpinoyLogger:41 - FrameworkDriver_RunTestCases === Driver Script Execution Started
2019-02-14 01:32:37 DEBUG devpinoyLogger:27 - Selenium webdriver Initialized..
2019-02-14 01:32:56 DEBUG devpinoyLogger:44 - Login Test Started..
2019-02-14 01:40:14 DEBUG devpinoyLogger:50 - Config properties loaded
2019-02-14 01:40:14 DEBUG devpinoyLogger:56 - Browser Selected == Chrome
2019-02-14 01:40:21 DEBUG devpinoyLogger:62 - URL loaded
2019-02-14 01:40:21 DEBUG devpinoyLogger:41 - FrameworkDriver_RunTestCases === Driver Script Execution Started
2019-02-14 01:40:22 DEBUG devpinoyLogger:27 - Selenium webdriver Initialized..
2019-02-14 01:40:22 DEBUG devpinoyLogger:44 - Login Test Started..
2019-02-14 01:46:30 DEBUG devpinoyLogger:50 - Config properties loaded
2019-02-14 01:46:30 DEBUG devpinoyLogger:56 - Browser Selected == Chrome
2019-02-14 01:46:37 DEBUG devpinoyLogger:62 - URL loaded
2019-02-14 01:46:37 DEBUG devpinoyLogger:41 - FrameworkDriver_RunTestCases === Driver Script Execution Started
2019-02-14 01:46:40 DEBUG devpinoyLogger:28 - Selenium webdriver Initialized..
2019-02-14 01:46:46 DEBUG devpinoyLogger:45 - Login Test Started..
2019-02-14 01:48:54 DEBUG devpinoyLogger:50 - Config properties loaded
2019-02-14 01:48:54 DEBUG devpinoyLogger:56 - Browser Selected == Chrome
2019-02-14 01:49:02 DEBUG devpinoyLogger:62 - URL loaded
2019-02-14 01:49:02 DEBUG devpinoyLogger:41 - FrameworkDriver_RunTestCases === Driver Script Execution Started
2019-02-14 01:49:59 DEBUG devpinoyLogger:50 - Config properties loaded
2019-02-14 01:49:59 DEBUG devpinoyLogger:56 - Browser Selected == Chrome
2019-02-14 01:50:06 DEBUG devpinoyLogger:62 - URL loaded
2019-02-14 01:50:06 DEBUG devpinoyLogger:41 - FrameworkDriver_RunTestCases === Driver Script Execution Started
2019-02-14 01:50:38 DEBUG devpinoyLogger:28 - Selenium webdriver Initialized..
2019-02-14 01:50:43 DEBUG devpinoyLogger:45 - Login Test Started..
2019-02-14 01:57:30 DEBUG devpinoyLogger:50 - Config properties loaded
2019-02-14 01:57:30 DEBUG devpinoyLogger:56 - Browser Selected == Chrome
2019-02-14 01:57:37 DEBUG devpinoyLogger:62 - URL loaded
2019-02-14 01:57:37 DEBUG devpinoyLogger:41 - FrameworkDriver_RunTestCases === Driver Script Execution Started
2019-02-14 01:57:38 DEBUG devpinoyLogger:27 - Selenium webdriver Initialized..
2019-02-14 01:57:38 DEBUG devpinoyLogger:44 - Login Test Started..
2019-02-14 01:57:42 DEBUG devpinoyLogger:56 - Sign in button clicked..
2019-02-14 01:57:42 DEBUG devpinoyLogger:27 - Selenium webdriver Initialized..
2019-02-14 01:57:42 DEBUG devpinoyLogger:70 - Inside CloseBrowser ...
2019-02-14 01:57:42 DEBUG devpinoyLogger:80 - No further keywords to execute for test case #TC1...will continue with next test case on next row
2019-02-14 01:57:42 DEBUG devpinoyLogger:27 - Selenium webdriver Initialized..
2019-02-14 01:57:42 DEBUG devpinoyLogger:30 - Browser Selected == Chrome
2019-02-14 01:57:47 DEBUG devpinoyLogger:37 - URL loaded
2019-02-14 01:57:47 DEBUG devpinoyLogger:44 - Login Test Started..
2019-02-14 01:57:49 DEBUG devpinoyLogger:56 - Sign in button clicked..
2019-02-14 01:57:49 DEBUG devpinoyLogger:27 - Selenium webdriver Initialized..
2019-02-14 01:57:49 DEBUG devpinoyLogger:70 - Inside CloseBrowser ...
2019-02-14 01:57:50 DEBUG devpinoyLogger:80 - No further keywords to execute for test case #TC1...will continue with next test case on next row
2019-02-14 01:58:37 DEBUG devpinoyLogger:50 - Config properties loaded
2019-02-14 01:58:37 DEBUG devpinoyLogger:56 - Browser Selected == Chrome
2019-02-14 01:58:44 DEBUG devpinoyLogger:62 - URL loaded
2019-02-14 01:58:44 DEBUG devpinoyLogger:41 - FrameworkDriver_RunTestCases === Driver Script Execution Started
2019-02-14 01:58:45 DEBUG devpinoyLogger:27 - Selenium webdriver Initialized..
2019-02-14 01:58:45 DEBUG devpinoyLogger:44 - Login Test Started..
2019-02-14 01:59:50 DEBUG devpinoyLogger:50 - Config properties loaded
2019-02-14 01:59:50 DEBUG devpinoyLogger:56 - Browser Selected == Chrome
2019-02-14 01:59:57 DEBUG devpinoyLogger:62 - URL loaded
2019-02-14 01:59:57 DEBUG devpinoyLogger:41 - FrameworkDriver_RunTestCases === Driver Script Execution Started
2019-02-14 01:59:58 DEBUG devpinoyLogger:27 - Selenium webdriver Initialized..
2019-02-14 01:59:58 DEBUG devpinoyLogger:44 - Login Test Started..
2019-02-14 02:00:03 DEBUG devpinoyLogger:56 - Sign in button clicked..
2019-02-14 02:00:03 DEBUG devpinoyLogger:27 - Selenium webdriver Initialized..
2019-02-14 02:00:03 DEBUG devpinoyLogger:70 - Inside CloseBrowser ...
2019-02-14 02:00:03 DEBUG devpinoyLogger:80 - No further keywords to execute for test case #TC1...will continue with next test case on next row
2019-02-14 02:00:03 DEBUG devpinoyLogger:27 - Selenium webdriver Initialized..
2019-02-14 02:00:03 DEBUG devpinoyLogger:30 - Browser Selected == Chrome
2019-02-14 02:00:09 DEBUG devpinoyLogger:37 - URL loaded
2019-02-14 02:00:09 DEBUG devpinoyLogger:44 - Login Test Started..
2019-02-14 02:00:14 DEBUG devpinoyLogger:56 - Sign in button clicked..
2019-02-14 02:00:14 DEBUG devpinoyLogger:27 - Selenium webdriver Initialized..
2019-02-14 02:00:14 DEBUG devpinoyLogger:70 - Inside CloseBrowser ...
2019-02-14 02:00:14 DEBUG devpinoyLogger:80 - No further keywords to execute for test case #TC1...will continue with next test case on next row
2019-02-14 02:00:43 DEBUG devpinoyLogger:50 - Config properties loaded
2019-02-14 02:00:43 DEBUG devpinoyLogger:56 - Browser Selected == Chrome
2019-02-14 02:00:51 DEBUG devpinoyLogger:62 - URL loaded
2019-02-14 02:00:51 DEBUG devpinoyLogger:41 - FrameworkDriver_RunTestCases === Driver Script Execution Started
2019-02-14 02:00:52 DEBUG devpinoyLogger:27 - Selenium webdriver Initialized..
2019-02-14 02:00:52 DEBUG devpinoyLogger:44 - Login Test Started..
2019-02-14 02:00:57 DEBUG devpinoyLogger:56 - Sign in button clicked..
2019-02-14 02:00:57 DEBUG devpinoyLogger:27 - Selenium webdriver Initialized..
2019-02-14 02:00:57 DEBUG devpinoyLogger:70 - Inside CloseBrowser ...
2019-02-14 02:00:57 DEBUG devpinoyLogger:80 - No further keywords to execute for test case #TC1...will continue with next test case on next row
2019-02-14 02:00:57 DEBUG devpinoyLogger:27 - Selenium webdriver Initialized..
2019-02-14 02:00:57 DEBUG devpinoyLogger:30 - Browser Selected == Chrome
2019-02-14 02:01:03 DEBUG devpinoyLogger:37 - URL loaded
2019-02-14 02:01:03 DEBUG devpinoyLogger:44 - Login Test Started..
2019-02-14 02:01:10 DEBUG devpinoyLogger:56 - Sign in button clicked..
2019-02-14 02:01:10 DEBUG devpinoyLogger:27 - Selenium webdriver Initialized..
2019-02-14 02:01:10 DEBUG devpinoyLogger:70 - Inside CloseBrowser ...
2019-02-14 02:01:10 DEBUG devpinoyLogger:80 - No further keywords to execute for test case #TC1...will continue with next test case on next row
2019-02-14 02:01:10 DEBUG devpinoyLogger:27 - Selenium webdriver Initialized..
2019-02-14 02:01:10 DEBUG devpinoyLogger:30 - Browser Selected == Chrome
2019-02-14 02:01:15 DEBUG devpinoyLogger:37 - URL loaded
2019-02-14 02:01:15 DEBUG devpinoyLogger:44 - Login Test Started..
2019-02-14 02:01:20 DEBUG devpinoyLogger:56 - Sign in button clicked..
2019-02-14 02:01:20 DEBUG devpinoyLogger:27 - Selenium webdriver Initialized..
2019-02-14 02:01:20 DEBUG devpinoyLogger:70 - Inside CloseBrowser ...
2019-02-14 02:01:20 DEBUG devpinoyLogger:80 - No further keywords to execute for test case #TC1...will continue with next test case on next row
2019-02-14 02:01:20 DEBUG devpinoyLogger:27 - Selenium webdriver Initialized..
2019-02-14 02:01:20 DEBUG devpinoyLogger:30 - Browser Selected == Chrome
2019-02-14 02:01:26 DEBUG devpinoyLogger:37 - URL loaded
2019-02-14 02:01:26 DEBUG devpinoyLogger:44 - Login Test Started..
2019-02-14 02:01:31 DEBUG devpinoyLogger:56 - Sign in button clicked..
2019-02-14 02:01:31 DEBUG devpinoyLogger:27 - Selenium webdriver Initialized..
2019-02-14 02:01:31 DEBUG devpinoyLogger:70 - Inside CloseBrowser ...
2019-02-14 02:01:31 DEBUG devpinoyLogger:80 - No further keywords to execute for test case #TC1...will continue with next test case on next row
2019-02-14 02:01:31 DEBUG devpinoyLogger:27 - Selenium webdriver Initialized..
2019-02-14 02:01:31 DEBUG devpinoyLogger:30 - Browser Selected == Chrome
2019-02-14 02:01:37 DEBUG devpinoyLogger:37 - URL loaded
2019-02-14 02:01:37 DEBUG devpinoyLogger:44 - Login Test Started..
2019-02-14 02:01:43 DEBUG devpinoyLogger:56 - Sign in button clicked..
2019-02-14 02:01:43 DEBUG devpinoyLogger:27 - Selenium webdriver Initialized..
2019-02-14 02:01:43 DEBUG devpinoyLogger:70 - Inside CloseBrowser ...
2019-02-14 02:01:43 DEBUG devpinoyLogger:80 - No further keywords to execute for test case #TC1...will continue with next test case on next row
2019-02-14 02:02:59 DEBUG devpinoyLogger:50 - Config properties loaded
2019-02-14 02:02:59 DEBUG devpinoyLogger:56 - Browser Selected == Chrome
2019-02-14 02:03:05 DEBUG devpinoyLogger:62 - URL loaded
2019-02-14 02:03:06 DEBUG devpinoyLogger:41 - FrameworkDriver_RunTestCases === Driver Script Execution Started
2019-02-14 02:03:07 DEBUG devpinoyLogger:27 - Selenium webdriver Initialized..
2019-02-14 02:03:07 DEBUG devpinoyLogger:44 - Login Test Started..
2019-02-14 02:03:12 DEBUG devpinoyLogger:56 - Sign in button clicked..
2019-02-14 02:03:12 DEBUG devpinoyLogger:27 - Selenium webdriver Initialized..
2019-02-14 02:03:12 DEBUG devpinoyLogger:70 - Inside CloseBrowser ...
2019-02-14 02:03:12 DEBUG devpinoyLogger:80 - No further keywords to execute for test case #TC1...will continue with next test case on next row
2019-02-14 02:03:12 DEBUG devpinoyLogger:27 - Selenium webdriver Initialized..
2019-02-14 02:03:12 DEBUG devpinoyLogger:30 - Browser Selected == Chrome
2019-02-14 02:03:18 DEBUG devpinoyLogger:37 - URL loaded
2019-02-14 02:03:18 DEBUG devpinoyLogger:44 - Login Test Started..
2019-02-14 02:03:23 DEBUG devpinoyLogger:56 - Sign in button clicked..
2019-02-14 02:03:23 DEBUG devpinoyLogger:27 - Selenium webdriver Initialized..
2019-02-14 02:03:23 DEBUG devpinoyLogger:70 - Inside CloseBrowser ...
2019-02-14 02:03:23 DEBUG devpinoyLogger:80 - No further keywords to execute for test case #TC1...will continue with next test case on next row
2019-02-14 02:03:23 DEBUG devpinoyLogger:27 - Selenium webdriver Initialized..
2019-02-14 02:03:23 DEBUG devpinoyLogger:30 - Browser Selected == Chrome
2019-02-14 02:03:29 DEBUG devpinoyLogger:37 - URL loaded
2019-02-14 02:03:29 DEBUG devpinoyLogger:44 - Login Test Started..
2019-02-14 02:03:34 DEBUG devpinoyLogger:56 - Sign in button clicked..
2019-02-14 02:03:34 DEBUG devpinoyLogger:27 - Selenium webdriver Initialized..
2019-02-14 02:03:34 DEBUG devpinoyLogger:70 - Inside CloseBrowser ...
2019-02-14 02:03:34 DEBUG devpinoyLogger:80 - No further keywords to execute for test case #TC1...will continue with next test case on next row
2019-02-17 19:46:29 DEBUG devpinoyLogger:50 - Config properties loaded
2019-02-17 19:46:29 DEBUG devpinoyLogger:56 - Browser Selected == Chrome
2019-02-17 19:46:38 DEBUG devpinoyLogger:62 - URL loaded
2019-02-17 19:46:38 DEBUG devpinoyLogger:41 - FrameworkDriver_RunTestCases === Driver Script Execution Started
2019-02-17 19:46:40 DEBUG devpinoyLogger:27 - Selenium webdriver Initialized..
2019-02-17 19:46:40 DEBUG devpinoyLogger:44 - Login Test Started..
2019-02-17 19:46:47 DEBUG devpinoyLogger:57 - Sign in button clicked..
2019-02-17 19:46:47 DEBUG devpinoyLogger:27 - Selenium webdriver Initialized..
2019-02-17 19:46:47 DEBUG devpinoyLogger:71 - Inside CloseBrowser ...
2019-02-17 19:46:47 DEBUG devpinoyLogger:80 - No further keywords to execute for test case #TC1...will continue with next test case on next row
2019-02-17 19:46:47 DEBUG devpinoyLogger:27 - Selenium webdriver Initialized..
2019-02-17 19:46:47 DEBUG devpinoyLogger:30 - Browser Selected == Chrome
2019-02-17 19:46:52 DEBUG devpinoyLogger:37 - URL loaded
2019-02-17 19:46:52 DEBUG devpinoyLogger:44 - Login Test Started..
2019-02-17 19:46:58 DEBUG devpinoyLogger:57 - Sign in button clicked..
2019-02-17 19:46:58 DEBUG devpinoyLogger:27 - Selenium webdriver Initialized..
2019-02-17 19:46:58 DEBUG devpinoyLogger:71 - Inside CloseBrowser ...
2019-02-17 19:46:58 DEBUG devpinoyLogger:80 - No further keywords to execute for test case #TC1...will continue with next test case on next row
2019-02-17 19:46:58 DEBUG devpinoyLogger:27 - Selenium webdriver Initialized..
2019-02-17 19:46:58 DEBUG devpinoyLogger:30 - Browser Selected == Chrome
2019-02-17 19:47:03 DEBUG devpinoyLogger:37 - URL loaded
2019-02-17 19:47:03 DEBUG devpinoyLogger:44 - Login Test Started..
2019-02-17 19:47:08 DEBUG devpinoyLogger:57 - Sign in button clicked..
2019-02-17 19:47:08 DEBUG devpinoyLogger:27 - Selenium webdriver Initialized..
2019-02-17 19:47:08 DEBUG devpinoyLogger:71 - Inside CloseBrowser ...
2019-02-17 19:47:09 DEBUG devpinoyLogger:80 - No further keywords to execute for test case #TC1...will continue with next test case on next row
2019-02-17 19:52:23 DEBUG devpinoyLogger:50 - Config properties loaded
2019-02-17 19:52:23 DEBUG devpinoyLogger:56 - Browser Selected == Chrome
2019-02-17 19:52:32 DEBUG devpinoyLogger:62 - URL loaded
2019-02-17 19:52:32 DEBUG devpinoyLogger:41 - FrameworkDriver_RunTestCases === Driver Script Execution Started
2019-02-17 19:52:33 DEBUG devpinoyLogger:27 - Selenium webdriver Initialized..
2019-02-17 19:52:33 DEBUG devpinoyLogger:44 - Login Test Started..
2019-02-17 19:52:40 DEBUG devpinoyLogger:57 - Sign in button clicked..
2019-02-17 19:52:40 DEBUG devpinoyLogger:27 - Selenium webdriver Initialized..
2019-02-17 19:52:40 DEBUG devpinoyLogger:71 - Inside CloseBrowser ...
2019-02-17 19:52:40 DEBUG devpinoyLogger:80 - No further keywords to execute for test case #TC1...will continue with next test case on next row
2019-02-17 19:52:40 DEBUG devpinoyLogger:27 - Selenium webdriver Initialized..
2019-02-17 19:52:40 DEBUG devpinoyLogger:30 - Browser Selected == Chrome
2019-02-17 19:52:46 DEBUG devpinoyLogger:37 - URL loaded
2019-02-17 19:52:46 DEBUG devpinoyLogger:44 - Login Test Started..
2019-02-17 19:52:52 DEBUG devpinoyLogger:57 - Sign in button clicked..
2019-02-17 19:52:52 DEBUG devpinoyLogger:27 - Selenium webdriver Initialized..
2019-02-17 19:52:52 DEBUG devpinoyLogger:71 - Inside CloseBrowser ...
2019-02-17 19:52:53 DEBUG devpinoyLogger:80 - No further keywords to execute for test case #TC1...will continue with next test case on next row
2019-02-17 19:52:53 DEBUG devpinoyLogger:27 - Selenium webdriver Initialized..
2019-02-17 19:52:53 DEBUG devpinoyLogger:30 - Browser Selected == Chrome
2019-02-17 19:52:58 DEBUG devpinoyLogger:37 - URL loaded
2019-02-17 19:52:58 DEBUG devpinoyLogger:44 - Login Test Started..
2019-02-17 19:53:04 DEBUG devpinoyLogger:57 - Sign in button clicked..
2019-02-17 19:53:04 DEBUG devpinoyLogger:27 - Selenium webdriver Initialized..
2019-02-17 19:53:04 DEBUG devpinoyLogger:71 - Inside CloseBrowser ...
2019-02-17 19:53:05 DEBUG devpinoyLogger:80 - No further keywords to execute for test case #TC2...will continue with next test case on next row
2019-02-17 19:53:05 DEBUG devpinoyLogger:27 - Selenium webdriver Initialized..
2019-02-17 19:53:05 DEBUG devpinoyLogger:30 - Browser Selected == Chrome
2019-02-17 19:53:11 DEBUG devpinoyLogger:37 - URL loaded
2019-02-17 19:53:11 DEBUG devpinoyLogger:44 - Login Test Started..
2019-02-17 19:53:17 DEBUG devpinoyLogger:57 - Sign in button clicked..
2019-02-17 19:53:17 DEBUG devpinoyLogger:27 - Selenium webdriver Initialized..
2019-02-17 19:53:17 DEBUG devpinoyLogger:71 - Inside CloseBrowser ...
2019-02-17 19:53:17 DEBUG devpinoyLogger:80 - No further keywords to execute for test case #TC2...will continue with next test case on next row
2019-02-17 19:53:17 DEBUG devpinoyLogger:27 - Selenium webdriver Initialized..
2019-02-17 19:53:17 DEBUG devpinoyLogger:30 - Browser Selected == Chrome
2019-02-17 19:53:22 DEBUG devpinoyLogger:37 - URL loaded
2019-02-17 19:53:22 DEBUG devpinoyLogger:44 - Login Test Started..
2019-02-17 19:53:27 DEBUG devpinoyLogger:57 - Sign in button clicked..
2019-02-17 19:53:27 DEBUG devpinoyLogger:27 - Selenium webdriver Initialized..
2019-02-17 19:53:27 DEBUG devpinoyLogger:71 - Inside CloseBrowser ...
2019-02-17 19:53:28 DEBUG devpinoyLogger:80 - No further keywords to execute for test case #TC2...will continue with next test case on next row
2019-02-17 20:18:23 DEBUG devpinoyLogger:50 - Config properties loaded
2019-02-17 20:18:23 DEBUG devpinoyLogger:56 - Browser Selected == Chrome
2019-02-17 20:18:31 DEBUG devpinoyLogger:62 - URL loaded
2019-02-17 20:18:31 DEBUG devpinoyLogger:41 - FrameworkDriver_RunTestCases === Driver Script Execution Started
2019-02-17 20:18:33 DEBUG devpinoyLogger:27 - Selenium webdriver Initialized..
2019-02-17 20:18:33 DEBUG devpinoyLogger:44 - Login Test Started..
2019-02-17 20:18:49 DEBUG devpinoyLogger:57 - Sign in button clicked..
2019-02-17 20:18:49 DEBUG devpinoyLogger:27 - Selenium webdriver Initialized..
2019-02-17 20:18:49 DEBUG devpinoyLogger:71 - Inside CloseBrowser ...
2019-02-17 20:18:49 DEBUG devpinoyLogger:80 - No further keywords to execute for test case #TC1...will continue with next test case on next row
2019-02-17 20:18:49 DEBUG devpinoyLogger:27 - Selenium webdriver Initialized..
2019-02-17 20:18:49 DEBUG devpinoyLogger:30 - Browser Selected == Chrome
2019-02-17 20:18:55 DEBUG devpinoyLogger:37 - URL loaded
2019-02-17 20:18:55 DEBUG devpinoyLogger:44 - Login Test Started..
2019-02-17 20:19:05 DEBUG devpinoyLogger:57 - Sign in button clicked..
2019-02-17 20:19:05 DEBUG devpinoyLogger:27 - Selenium webdriver Initialized..
2019-02-17 20:19:05 DEBUG devpinoyLogger:71 - Inside CloseBrowser ...
2019-02-17 20:19:05 DEBUG devpinoyLogger:80 - No further keywords to execute for test case #TC1...will continue with next test case on next row
2019-02-17 20:19:05 DEBUG devpinoyLogger:27 - Selenium webdriver Initialized..
2019-02-17 20:19:05 DEBUG devpinoyLogger:30 - Browser Selected == Chrome
2019-02-17 20:19:11 DEBUG devpinoyLogger:37 - URL loaded
2019-02-17 20:19:11 DEBUG devpinoyLogger:44 - Login Test Started..
2019-02-17 20:19:21 DEBUG devpinoyLogger:57 - Sign in button clicked..
2019-02-17 20:19:21 DEBUG devpinoyLogger:27 - Selenium webdriver Initialized..
2019-02-17 20:19:21 DEBUG devpinoyLogger:71 - Inside CloseBrowser ...
2019-02-17 20:19:21 DEBUG devpinoyLogger:80 - No further keywords to execute for test case #TC2...will continue with next test case on next row
2019-02-17 20:19:21 DEBUG devpinoyLogger:27 - Selenium webdriver Initialized..
2019-02-17 20:19:21 DEBUG devpinoyLogger:30 - Browser Selected == Chrome
2019-02-17 20:19:28 DEBUG devpinoyLogger:37 - URL loaded
2019-02-17 20:19:28 DEBUG devpinoyLogger:44 - Login Test Started..
2019-02-17 20:19:41 DEBUG devpinoyLogger:57 - Sign in button clicked..
2019-02-17 20:19:41 DEBUG devpinoyLogger:27 - Selenium webdriver Initialized..
2019-02-17 20:19:41 DEBUG devpinoyLogger:71 - Inside CloseBrowser ...
2019-02-17 20:19:41 DEBUG devpinoyLogger:80 - No further keywords to execute for test case #TC2...will continue with next test case on next row
2019-02-17 20:19:41 DEBUG devpinoyLogger:27 - Selenium webdriver Initialized..
2019-02-17 20:19:41 DEBUG devpinoyLogger:30 - Browser Selected == Chrome
2019-02-17 20:19:47 DEBUG devpinoyLogger:37 - URL loaded
2019-02-17 20:19:47 DEBUG devpinoyLogger:44 - Login Test Started..
2019-02-17 20:19:54 DEBUG devpinoyLogger:57 - Sign in button clicked..
2019-02-17 20:19:54 DEBUG devpinoyLogger:27 - Selenium webdriver Initialized..
2019-02-17 20:19:54 DEBUG devpinoyLogger:71 - Inside CloseBrowser ...
2019-02-17 20:19:54 DEBUG devpinoyLogger:80 - No further keywords to execute for test case #TC2...will continue with next test case on next row
2019-02-17 20:23:04 DEBUG devpinoyLogger:50 - Config properties loaded
2019-02-17 20:23:04 DEBUG devpinoyLogger:56 - Browser Selected == Chrome
2019-02-17 20:23:15 DEBUG devpinoyLogger:62 - URL loaded
2019-02-17 20:23:15 DEBUG devpinoyLogger:27 - Selenium webdriver Initialized..
2019-02-17 20:23:15 DEBUG devpinoyLogger:63 - Inside Browserback ...
2019-02-17 20:23:15 DEBUG devpinoyLogger:71 - Inside CloseBrowser ...
2019-02-17 22:58:11 DEBUG devpinoyLogger:50 - Config properties loaded
2019-02-17 22:58:11 DEBUG devpinoyLogger:56 - Browser Selected == Chrome
2019-02-17 22:58:22 DEBUG devpinoyLogger:62 - URL loaded
2019-02-17 22:58:22 DEBUG devpinoyLogger:41 - FrameworkDriver_RunTestCases === Driver Script Execution Started
2019-02-17 22:58:23 DEBUG devpinoyLogger:27 - Selenium webdriver Initialized..
2019-02-17 22:58:23 DEBUG devpinoyLogger:44 - Login Test Started..
2019-02-17 22:59:57 DEBUG devpinoyLogger:57 - Sign in button clicked..
2019-02-17 22:59:57 DEBUG devpinoyLogger:27 - Selenium webdriver Initialized..
2019-02-17 22:59:57 DEBUG devpinoyLogger:71 - Inside CloseBrowser ...
2019-02-17 22:59:57 DEBUG devpinoyLogger:80 - No further keywords to execute for test case #TC1...will continue with next test case on next row
2019-02-17 22:59:57 DEBUG devpinoyLogger:27 - Selenium webdriver Initialized..
2019-02-17 22:59:57 DEBUG devpinoyLogger:30 - Browser Selected == Chrome
2019-02-17 23:00:03 DEBUG devpinoyLogger:37 - URL loaded
2019-02-17 23:00:03 DEBUG devpinoyLogger:44 - Login Test Started..
2019-02-17 23:01:22 DEBUG devpinoyLogger:57 - Sign in button clicked..
2019-02-17 23:01:22 DEBUG devpinoyLogger:27 - Selenium webdriver Initialized..
2019-02-17 23:01:22 DEBUG devpinoyLogger:71 - Inside CloseBrowser ...
2019-02-17 23:01:22 DEBUG devpinoyLogger:80 - No further keywords to execute for test case #TC1...will continue with next test case on next row
2019-02-17 23:01:22 DEBUG devpinoyLogger:27 - Selenium webdriver Initialized..
2019-02-17 23:01:22 DEBUG devpinoyLogger:30 - Browser Selected == Chrome
2019-02-17 23:01:28 DEBUG devpinoyLogger:37 - URL loaded
2019-02-17 23:01:28 DEBUG devpinoyLogger:44 - Login Test Started..
2019-02-17 23:02:45 DEBUG devpinoyLogger:57 - Sign in button clicked..
2019-02-17 23:02:45 DEBUG devpinoyLogger:27 - Selenium webdriver Initialized..
2019-02-17 23:02:45 DEBUG devpinoyLogger:71 - Inside CloseBrowser ...
2019-02-17 23:02:45 DEBUG devpinoyLogger:80 - No further keywords to execute for test case #TC2...will continue with next test case on next row
2019-02-17 23:02:45 DEBUG devpinoyLogger:27 - Selenium webdriver Initialized..
2019-02-17 23:02:45 DEBUG devpinoyLogger:30 - Browser Selected == Chrome
2019-02-17 23:02:51 DEBUG devpinoyLogger:37 - URL loaded
2019-02-17 23:02:51 DEBUG devpinoyLogger:44 - Login Test Started..
2019-02-17 23:03:03 DEBUG devpinoyLogger:57 - Sign in button clicked..
2019-02-17 23:03:03 DEBUG devpinoyLogger:27 - Selenium webdriver Initialized..
2019-02-17 23:03:03 DEBUG devpinoyLogger:71 - Inside CloseBrowser ...
2019-02-17 23:03:03 DEBUG devpinoyLogger:80 - No further keywords to execute for test case #TC2...will continue with next test case on next row
2019-02-17 23:03:03 DEBUG devpinoyLogger:27 - Selenium webdriver Initialized..
2019-02-17 23:03:03 DEBUG devpinoyLogger:30 - Browser Selected == Chrome
2019-02-17 23:03:09 DEBUG devpinoyLogger:37 - URL loaded
2019-02-17 23:03:09 DEBUG devpinoyLogger:44 - Login Test Started..
2019-02-17 23:03:42 DEBUG devpinoyLogger:57 - Sign in button clicked..
2019-02-17 23:03:42 DEBUG devpinoyLogger:27 - Selenium webdriver Initialized..
2019-02-17 23:03:42 DEBUG devpinoyLogger:71 - Inside CloseBrowser ...
2019-02-17 23:03:42 DEBUG devpinoyLogger:80 - No further keywords to execute for test case #TC2...will continue with next test case on next row
2019-02-17 23:19:24 DEBUG devpinoyLogger:50 - Config properties loaded
2019-02-17 23:19:24 DEBUG devpinoyLogger:56 - Browser Selected == Chrome
2019-02-17 23:19:33 DEBUG devpinoyLogger:62 - URL loaded
2019-02-17 23:19:33 DEBUG devpinoyLogger:41 - FrameworkDriver_RunTestCases === Driver Script Execution Started
2019-02-17 23:20:02 DEBUG devpinoyLogger:27 - Selenium webdriver Initialized..
2019-02-17 23:20:13 DEBUG devpinoyLogger:44 - Login Test Started..
2019-02-17 23:20:38 DEBUG devpinoyLogger:57 - Sign in button clicked..
2019-02-17 23:20:52 DEBUG devpinoyLogger:27 - Selenium webdriver Initialized..
2019-02-17 23:20:52 DEBUG devpinoyLogger:71 - Inside CloseBrowser ...
2019-02-17 23:20:55 DEBUG devpinoyLogger:81 - No further keywords to execute for test case #TC1...will continue with next test case on next row
2019-02-17 23:20:58 DEBUG devpinoyLogger:27 - Selenium webdriver Initialized..
2019-02-17 23:20:58 DEBUG devpinoyLogger:30 - Browser Selected == Chrome
2019-02-17 23:21:04 DEBUG devpinoyLogger:37 - URL loaded
2019-02-17 23:21:07 DEBUG devpinoyLogger:44 - Login Test Started..
2019-02-17 23:21:30 DEBUG devpinoyLogger:57 - Sign in button clicked..
2019-02-17 23:21:36 DEBUG devpinoyLogger:27 - Selenium webdriver Initialized..
2019-02-17 23:21:36 DEBUG devpinoyLogger:71 - Inside CloseBrowser ...
2019-02-17 23:21:44 DEBUG devpinoyLogger:81 - No further keywords to execute for test case #TC2...will continue with next test case on next row
2019-02-17 23:40:30 DEBUG devpinoyLogger:50 - Config properties loaded
2019-02-17 23:40:30 DEBUG devpinoyLogger:56 - Browser Selected == Chrome
2019-02-17 23:40:39 DEBUG devpinoyLogger:62 - URL loaded
2019-02-17 23:40:39 DEBUG devpinoyLogger:41 - FrameworkDriver_RunTestCases === Driver Script Execution Started
2019-02-17 23:40:40 DEBUG devpinoyLogger:27 - Selenium webdriver Initialized..
2019-02-17 23:40:40 DEBUG devpinoyLogger:44 - Login Test Started..
2019-02-17 23:40:45 DEBUG devpinoyLogger:57 - Sign in button clicked..
2019-02-17 23:40:45 DEBUG devpinoyLogger:27 - Selenium webdriver Initialized..
2019-02-17 23:40:45 DEBUG devpinoyLogger:71 - Inside CloseBrowser ...
2019-02-17 23:40:45 DEBUG devpinoyLogger:81 - No further keywords to execute for test case #TC1...will continue with next test case on next row
2019-02-17 23:40:45 DEBUG devpinoyLogger:27 - Selenium webdriver Initialized..
2019-02-17 23:40:45 DEBUG devpinoyLogger:30 - Browser Selected == Chrome
2019-02-17 23:40:53 DEBUG devpinoyLogger:37 - URL loaded
2019-02-17 23:40:53 DEBUG devpinoyLogger:44 - Login Test Started..
2019-02-17 23:40:56 DEBUG devpinoyLogger:57 - Sign in button clicked..
2019-02-17 23:40:56 DEBUG devpinoyLogger:27 - Selenium webdriver Initialized..
2019-02-17 23:40:56 DEBUG devpinoyLogger:71 - Inside CloseBrowser ...
2019-02-17 23:40:56 DEBUG devpinoyLogger:81 - No further keywords to execute for test case #TC2...will continue with next test case on next row
2019-02-17 23:42:18 DEBUG devpinoyLogger:50 - Config properties loaded
2019-02-17 23:42:18 DEBUG devpinoyLogger:56 - Browser Selected == Chrome
2019-02-17 23:42:26 DEBUG devpinoyLogger:62 - URL loaded
2019-02-17 23:42:26 DEBUG devpinoyLogger:41 - FrameworkDriver_RunTestCases === Driver Script Execution Started
2019-02-17 23:42:27 DEBUG devpinoyLogger:27 - Selenium webdriver Initialized..
2019-02-17 23:42:27 DEBUG devpinoyLogger:44 - Login Test Started..
2019-02-17 23:42:33 DEBUG devpinoyLogger:57 - Sign in button clicked..
2019-02-17 23:42:33 DEBUG devpinoyLogger:27 - Selenium webdriver Initialized..
2019-02-17 23:42:33 DEBUG devpinoyLogger:71 - Inside CloseBrowser ...
2019-02-17 23:42:33 DEBUG devpinoyLogger:81 - No further keywords to execute for test case #TC1...will continue with next test case on next row
2019-02-17 23:42:33 DEBUG devpinoyLogger:27 - Selenium webdriver Initialized..
2019-02-17 23:42:33 DEBUG devpinoyLogger:30 - Browser Selected == Chrome
2019-02-17 23:42:40 DEBUG devpinoyLogger:37 - URL loaded
2019-02-17 23:42:40 DEBUG devpinoyLogger:44 - Login Test Started..
2019-02-17 23:42:43 DEBUG devpinoyLogger:57 - Sign in button clicked..
2019-02-17 23:42:43 DEBUG devpinoyLogger:27 - Selenium webdriver Initialized..
2019-02-17 23:42:43 DEBUG devpinoyLogger:71 - Inside CloseBrowser ...
2019-02-17 23:42:43 DEBUG devpinoyLogger:81 - No further keywords to execute for test case #TC2...will continue with next test case on next row
2019-02-17 23:45:21 DEBUG devpinoyLogger:50 - Config properties loaded
2019-02-17 23:45:21 DEBUG devpinoyLogger:56 - Browser Selected == Chrome
2019-02-17 23:45:28 DEBUG devpinoyLogger:62 - URL loaded
2019-02-17 23:45:28 DEBUG devpinoyLogger:41 - FrameworkDriver_RunTestCases === Driver Script Execution Started
2019-02-17 23:45:29 DEBUG devpinoyLogger:27 - Selenium webdriver Initialized..
2019-02-17 23:45:29 DEBUG devpinoyLogger:44 - Login Test Started..
2019-02-17 23:51:07 DEBUG devpinoyLogger:50 - Config properties loaded
2019-02-17 23:51:07 DEBUG devpinoyLogger:56 - Browser Selected == Chrome
2019-02-17 23:51:16 DEBUG devpinoyLogger:62 - URL loaded
2019-02-17 23:51:17 DEBUG devpinoyLogger:41 - FrameworkDriver_RunTestCases === Driver Script Execution Started
2019-02-17 23:51:18 DEBUG devpinoyLogger:27 - Selenium webdriver Initialized..
2019-02-17 23:51:18 DEBUG devpinoyLogger:44 - Login Test Started..
